# JRE version: OpenJDK Runtime Environment (25.0.2) (build 25.0.2-internal-adhoc.danielz.jdk25u)
# Java VM: OpenJDK 64-Bit Server VM (25.0.2-internal-adhoc.danielz.jdk25u, mixed mode, tiered, compressed oops, compressed class ptrs, g1 gc, bsd-aarch64)
GC Precious Log:
 CardTable entry size: 512
 Card Set container configuration: InlinePtr #cards 4 size 8 Array Of Cards #cards 32 size 80 Howl #buckets 8 coarsen threshold 7372 Howl Bitmap #cards 1024 size 144 coarsen threshold 921 Card regions per heap region 1 cards per card region 8192
 CPUs: 12 total, 12 available
 Memory: 18432M
 Large Page Support: Disabled
 NUMA Support: Disabled
 Compressed Oops: Enabled (Zero based)
 Heap Region Size: 4M
 Heap Min Capacity: 8M
 Heap Initial Capacity: 288M
 Heap Max Capacity: 4608M
 Pre-touch: Disabled
 Parallel Workers: 10
 Concurrent Workers: 3
 Concurrent Refinement Workers: 10
 Periodic GC: Disabled
Heap:
 garbage-first heap   total reserved 4718592K, committed 110592K, used 50680K [0x00000006e0000000, 0x0000000800000000)
  region size 4096K, 7 young (28672K), 1 survivors (4096K)
GC Heap Usage History (20 events):
Event: 5.202 {heap Before GC invocations=50 (full 41):
 garbage-first heap   total reserved 4718592K, committed 110592K, used 54562K [0x00000006e0000000, 0x0000000800000000)
  region size 4096K, 8 young (32768K), 0 survivors (0K)
}
Event: 5.211 {heap After GC invocations=51 (full 42):
 garbage-first heap   total reserved 4718592K, committed 110592K, used 25890K [0x00000006e0000000, 0x0000000800000000)
  region size 4096K, 0 young (0K), 0 survivors (0K)
}
Event: 5.311 {heap Before GC invocations=51 (full 42):
 garbage-first heap   total reserved 4718592K, committed 110592K, used 54562K [0x00000006e0000000, 0x0000000800000000)
  region size 4096K, 8 young (32768K), 0 survivors (0K)
}
Event: 5.320 {heap After GC invocations=52 (full 43):
 garbage-first heap   total reserved 4718592K, committed 110592K, used 25890K [0x00000006e0000000, 0x0000000800000000)
  region size 4096K, 0 young (0K), 0 survivors (0K)
}
Event: 5.418 {heap Before GC invocations=52 (full 43):
 garbage-first heap   total reserved 4718592K, committed 110592K, used 54562K [0x00000006e0000000, 0x0000000800000000)
  region size 4096K, 8 young (32768K), 0 survivors (0K)
}
Event: 5.427 {heap After GC invocations=53 (full 44):
 garbage-first heap   total reserved 4718592K, committed 110592K, used 25890K [0x00000006e0000000, 0x0000000800000000)
  region size 4096K, 0 young (0K), 0 survivors (0K)
}
Event: 5.524 {heap Before GC invocations=53 (full 44):
 garbage-first heap   total reserved 4718592K, committed 110592K, used 54562K [0x00000006e0000000, 0x0000000800000000)
  region size 4096K, 8 young (32768K), 0 survivors (0K)
}
Event: 5.533 {heap After GC invocations=54 (full 45):
 garbage-first heap   total reserved 4718592K, committed 110592K, used 25890K [0x00000006e0000000, 0x0000000800000000)
  region size 4096K, 0 young (0K), 0 survivors (0K)
}
Event: 5.628 {heap Before GC invocations=54 (full 45):
 garbage-first heap   total reserved 4718592K, committed 110592K, used 54562K [0x00000006e0000000, 0x0000000800000000)
  region size 4096K, 8 young (32768K), 0 survivors (0K)
}
Event: 5.637 {heap After GC invocations=55 (full 46):
 garbage-first heap   total reserved 4718592K, committed 110592K, used 25890K [0x00000006e0000000, 0x0000000800000000)
  region size 4096K, 0 young (0K), 0 survivors (0K)
}
Event: 5.734 {heap Before GC invocations=55 (full 46):
 garbage-first heap   total reserved 4718592K, committed 110592K, used 54562K [0x00000006e0000000, 0x0000000800000000)
  region size 4096K, 8 young (32768K), 0 survivors (0K)
}
Event: 5.743 {heap After GC invocations=56 (full 47):
 garbage-first heap   total reserved 4718592K, committed 110592K, used 25891K [0x00000006e0000000, 0x0000000800000000)
  region size 4096K, 0 young (0K), 0 survivors (0K)
}
Event: 5.838 {heap Before GC invocations=56 (full 47):
 garbage-first heap   total reserved 4718592K, committed 110592K, used 54563K [0x00000006e0000000, 0x0000000800000000)
  region size 4096K, 8 young (32768K), 0 survivors (0K)
}
Event: 5.847 {heap After GC invocations=57 (full 48):
 garbage-first heap   total reserved 4718592K, committed 110592K, used 25891K [0x00000006e0000000, 0x0000000800000000)
  region size 4096K, 0 young (0K), 0 survivors (0K)
}
Event: 5.941 {heap Before GC invocations=57 (full 48):
 garbage-first heap   total reserved 4718592K, committed 110592K, used 54563K [0x00000006e0000000, 0x0000000800000000)
  region size 4096K, 8 young (32768K), 0 survivors (0K)
}
Event: 5.950 {heap After GC invocations=58 (full 49):
 garbage-first heap   total reserved 4718592K, committed 110592K, used 25891K [0x00000006e0000000, 0x0000000800000000)
  region size 4096K, 0 young (0K), 0 survivors (0K)
}
Event: 6.044 {heap Before GC invocations=58 (full 49):
 garbage-first heap   total reserved 4718592K, committed 110592K, used 54563K [0x00000006e0000000, 0x0000000800000000)
  region size 4096K, 8 young (32768K), 0 survivors (0K)
}
Event: 6.053 {heap After GC invocations=59 (full 50):
 garbage-first heap   total reserved 4718592K, committed 110592K, used 25891K [0x00000006e0000000, 0x0000000800000000)
  region size 4096K, 0 young (0K), 0 survivors (0K)
}
Event: 6.276 {heap Before GC invocations=59 (full 50):
 garbage-first heap   total reserved 4718592K, committed 110592K, used 58659K [0x00000006e0000000, 0x0000000800000000)
  region size 4096K, 8 young (32768K), 0 survivors (0K)
}
Event: 6.276 {heap After GC invocations=60 (full 50):
 garbage-first heap   total reserved 4718592K, committed 110592K, used 30200K [0x00000006e0000000, 0x0000000800000000)
  region size 4096K, 1 young (4096K), 1 survivors (4096K)
}

