# JRE version: OpenJDK Runtime Environment (25.0.2) (build 25.0.2-internal-adhoc.danielz.jdk25u)
# Java VM: OpenJDK 64-Bit Server VM (25.0.2-internal-adhoc.danielz.jdk25u, mixed mode, tiered, compressed oops, compressed class ptrs, g1 gc, bsd-aarch64)
GC Precious Log:
 CardTable entry size: 512
 Card Set container configuration: InlinePtr #cards 4 size 8 Array Of Cards #cards 32 size 80 Howl #buckets 8 coarsen threshold 7372 Howl Bitmap #cards 1024 size 144 coarsen threshold 921 Card regions per heap region 1 cards per card region 8192
 CPUs: 12 total, 12 available
 Memory: 18432M
 Large Page Support: Disabled
 NUMA Support: Disabled
 Compressed Oops: Enabled (Zero based)
 Heap Region Size: 4M
 Heap Min Capacity: 8M
 Heap Initial Capacity: 288M
 Heap Max Capacity: 4608M
 Pre-touch: Disabled
 Parallel Workers: 10
 Concurrent Workers: 3
 Concurrent Refinement Workers: 10
 Periodic GC: Disabled
Heap:
 garbage-first heap   total reserved 4718592K, committed 589824K, used 497522K [0x00000006e0000000, 0x0000000800000000)
  region size 4096K, 83 young (339968K), 2 survivors (8192K)
GC Heap Usage History (20 events):
Event: 7.129 {heap Before GC invocations=64 (full 1):
 garbage-first heap   total reserved 4718592K, committed 589824K, used 521056K [0x00000006e0000000, 0x0000000800000000)
  region size 4096K, 86 young (352256K), 2 survivors (8192K)
}
Event: 7.130 {heap After GC invocations=65 (full 1):
 garbage-first heap   total reserved 4718592K, committed 589824K, used 42164K [0x00000006e0000000, 0x0000000800000000)
  region size 4096K, 2 young (8192K), 2 survivors (8192K)
}
Event: 7.193 {heap Before GC invocations=65 (full 1):
 garbage-first heap   total reserved 4718592K, committed 589824K, used 480436K [0x00000006e0000000, 0x0000000800000000)
  region size 4096K, 86 young (352256K), 2 survivors (8192K)
}
Event: 7.194 {heap After GC invocations=66 (full 1):
 garbage-first heap   total reserved 4718592K, committed 589824K, used 42206K [0x00000006e0000000, 0x0000000800000000)
  region size 4096K, 2 young (8192K), 2 survivors (8192K)
}
Event: 7.258 {heap Before GC invocations=66 (full 1):
 garbage-first heap   total reserved 4718592K, committed 589824K, used 480478K [0x00000006e0000000, 0x0000000800000000)
  region size 4096K, 86 young (352256K), 2 survivors (8192K)
}
Event: 7.259 {heap After GC invocations=67 (full 1):
 garbage-first heap   total reserved 4718592K, committed 589824K, used 42166K [0x00000006e0000000, 0x0000000800000000)
  region size 4096K, 2 young (8192K), 2 survivors (8192K)
}
Event: 7.322 {heap Before GC invocations=67 (full 1):
 garbage-first heap   total reserved 4718592K, committed 589824K, used 480438K [0x00000006e0000000, 0x0000000800000000)
  region size 4096K, 86 young (352256K), 2 survivors (8192K)
}
Event: 7.323 {heap After GC invocations=68 (full 1):
 garbage-first heap   total reserved 4718592K, committed 589824K, used 42137K [0x00000006e0000000, 0x0000000800000000)
  region size 4096K, 2 young (8192K), 2 survivors (8192K)
}
Event: 7.392 {heap Before GC invocations=68 (full 1):
 garbage-first heap   total reserved 4718592K, committed 589824K, used 496793K [0x00000006e0000000, 0x0000000800000000)
  region size 4096K, 86 young (352256K), 2 survivors (8192K)
}
Event: 7.393 {heap After GC invocations=69 (full 1):
 garbage-first heap   total reserved 4718592K, committed 589824K, used 42320K [0x00000006e0000000, 0x0000000800000000)
  region size 4096K, 2 young (8192K), 2 survivors (8192K)
}
Event: 7.472 {heap Before GC invocations=69 (full 1):
 garbage-first heap   total reserved 4718592K, committed 589824K, used 513360K [0x00000006e0000000, 0x0000000800000000)
  region size 4096K, 86 young (352256K), 2 survivors (8192K)
}
Event: 7.473 {heap After GC invocations=70 (full 1):
 garbage-first heap   total reserved 4718592K, committed 589824K, used 40261K [0x00000006e0000000, 0x0000000800000000)
  region size 4096K, 1 young (4096K), 1 survivors (4096K)
}
Event: 7.544 {heap Before GC invocations=70 (full 1):
 garbage-first heap   total reserved 4718592K, committed 589824K, used 490821K [0x00000006e0000000, 0x0000000800000000)
  region size 4096K, 86 young (352256K), 1 survivors (4096K)
}
Event: 7.545 {heap After GC invocations=71 (full 1):
 garbage-first heap   total reserved 4718592K, committed 589824K, used 42372K [0x00000006e0000000, 0x0000000800000000)
  region size 4096K, 2 young (8192K), 2 survivors (8192K)
}
Event: 7.608 {heap Before GC invocations=71 (full 1):
 garbage-first heap   total reserved 4718592K, committed 589824K, used 480644K [0x00000006e0000000, 0x0000000800000000)
  region size 4096K, 86 young (352256K), 2 survivors (8192K)
}
Event: 7.609 {heap After GC invocations=72 (full 1):
 garbage-first heap   total reserved 4718592K, committed 589824K, used 42474K [0x00000006e0000000, 0x0000000800000000)
  region size 4096K, 2 young (8192K), 2 survivors (8192K)
}
Event: 7.672 {heap Before GC invocations=72 (full 1):
 garbage-first heap   total reserved 4718592K, committed 589824K, used 480746K [0x00000006e0000000, 0x0000000800000000)
  region size 4096K, 86 young (352256K), 2 survivors (8192K)
}
Event: 7.673 {heap After GC invocations=73 (full 1):
 garbage-first heap   total reserved 4718592K, committed 589824K, used 42516K [0x00000006e0000000, 0x0000000800000000)
  region size 4096K, 1 young (4096K), 1 survivors (4096K)
}
Event: 7.743 {heap Before GC invocations=73 (full 1):
 garbage-first heap   total reserved 4718592K, committed 589824K, used 501268K [0x00000006e0000000, 0x0000000800000000)
  region size 4096K, 86 young (352256K), 1 survivors (4096K)
}
Event: 7.744 {heap After GC invocations=74 (full 1):
 garbage-first heap   total reserved 4718592K, committed 589824K, used 42866K [0x00000006e0000000, 0x0000000800000000)
  region size 4096K, 2 young (8192K), 2 survivors (8192K)
}

