# JRE version: OpenJDK Runtime Environment (25.0.2) (build 25.0.2-internal-adhoc.danielz.jdk25u)
# Java VM: OpenJDK 64-Bit Server VM (25.0.2-internal-adhoc.danielz.jdk25u, mixed mode, sharing, tiered, compressed oops, compressed class ptrs, g1 gc, bsd-aarch64)
GC Precious Log:
 CardTable entry size: 512
 Card Set container configuration: InlinePtr #cards 4 size 8 Array Of Cards #cards 32 size 80 Howl #buckets 8 coarsen threshold 7372 Howl Bitmap #cards 1024 size 144 coarsen threshold 921 Card regions per heap region 1 cards per card region 8192
 CPUs: 12 total, 12 available
 Memory: 18432M
 Large Page Support: Disabled
 NUMA Support: Disabled
 Compressed Oops: Enabled (Zero based)
 Heap Region Size: 4M
 Heap Min Capacity: 8M
 Heap Initial Capacity: 288M
 Heap Max Capacity: 4608M
 Pre-touch: Disabled
 Parallel Workers: 10
 Concurrent Workers: 3
 Concurrent Refinement Workers: 10
 Periodic GC: Disabled
Heap:
 garbage-first heap   total reserved 4718592K, committed 81920K, used 34654K [0x00000006e0000000, 0x0000000800000000)
  region size 4096K, 7 young (28672K), 0 survivors (0K)
GC Heap Usage History (20 events):
Event: 0.761 {heap Before GC invocations=2 (full 1):
 garbage-first heap   total reserved 4718592K, committed 69632K, used 23307K [0x00000006e0000000, 0x0000000800000000)
  region size 4096K, 5 young (20480K), 1 survivors (4096K)
}
Event: 0.763 {heap After GC invocations=3 (full 1):
 garbage-first heap   total reserved 4718592K, committed 69632K, used 9842K [0x00000006e0000000, 0x0000000800000000)
  region size 4096K, 1 young (4096K), 1 survivors (4096K)
}
Event: 0.914 {heap Before GC invocations=3 (full 1):
 garbage-first heap   total reserved 4718592K, committed 69632K, used 30322K [0x00000006e0000000, 0x0000000800000000)
  region size 4096K, 6 young (24576K), 1 survivors (4096K)
}
Event: 0.916 {heap After GC invocations=4 (full 1):
 garbage-first heap   total reserved 4718592K, committed 69632K, used 11338K [0x00000006e0000000, 0x0000000800000000)
  region size 4096K, 1 young (4096K), 1 survivors (4096K)
}
Event: 0.927 {heap Before GC invocations=4 (full 1):
 garbage-first heap   total reserved 4718592K, committed 69632K, used 11338K [0x00000006e0000000, 0x0000000800000000)
  region size 4096K, 2 young (8192K), 1 survivors (4096K)
}
Event: 0.928 {heap After GC invocations=5 (full 1):
 garbage-first heap   total reserved 4718592K, committed 69632K, used 10732K [0x00000006e0000000, 0x0000000800000000)
  region size 4096K, 1 young (4096K), 1 survivors (4096K)
}
Event: 1.009 {heap Before GC invocations=6 (full 1):
 garbage-first heap   total reserved 4718592K, committed 69632K, used 31212K [0x00000006e0000000, 0x0000000800000000)
  region size 4096K, 6 young (24576K), 1 survivors (4096K)
}
Event: 1.010 {heap After GC invocations=7 (full 1):
 garbage-first heap   total reserved 4718592K, committed 69632K, used 10121K [0x00000006e0000000, 0x0000000800000000)
  region size 4096K, 1 young (4096K), 1 survivors (4096K)
}
Event: 1.084 {heap Before GC invocations=7 (full 1):
 garbage-first heap   total reserved 4718592K, committed 69632K, used 34697K [0x00000006e0000000, 0x0000000800000000)
  region size 4096K, 7 young (28672K), 1 survivors (4096K)
}
Event: 1.087 {heap After GC invocations=8 (full 1):
 garbage-first heap   total reserved 4718592K, committed 69632K, used 11153K [0x00000006e0000000, 0x0000000800000000)
  region size 4096K, 1 young (4096K), 1 survivors (4096K)
}
Event: 1.181 {heap Before GC invocations=8 (full 1):
 garbage-first heap   total reserved 4718592K, committed 69632K, used 43921K [0x00000006e0000000, 0x0000000800000000)
  region size 4096K, 9 young (36864K), 1 survivors (4096K)
}
Event: 1.185 {heap After GC invocations=9 (full 1):
 garbage-first heap   total reserved 4718592K, committed 69632K, used 16396K [0x00000006e0000000, 0x0000000800000000)
  region size 4096K, 2 young (8192K), 2 survivors (8192K)
}
Event: 1.223 {heap Before GC invocations=9 (full 1):
 garbage-first heap   total reserved 4718592K, committed 69632K, used 49164K [0x00000006e0000000, 0x0000000800000000)
  region size 4096K, 10 young (40960K), 2 survivors (8192K)
}
Event: 1.225 {heap After GC invocations=10 (full 1):
 garbage-first heap   total reserved 4718592K, committed 184320K, used 15022K [0x00000006e0000000, 0x0000000800000000)
  region size 4096K, 1 young (4096K), 1 survivors (4096K)
}
Event: 1.451 {heap Before GC invocations=10 (full 1):
 garbage-first heap   total reserved 4718592K, committed 184320K, used 121518K [0x00000006e0000000, 0x0000000800000000)
  region size 4096K, 27 young (110592K), 1 survivors (4096K)
}
Event: 1.453 {heap After GC invocations=11 (full 1):
 garbage-first heap   total reserved 4718592K, committed 184320K, used 14882K [0x00000006e0000000, 0x0000000800000000)
  region size 4096K, 1 young (4096K), 1 survivors (4096K)
}
Event: 1.668 {heap Before GC invocations=11 (full 1):
 garbage-first heap   total reserved 4718592K, committed 184320K, used 121378K [0x00000006e0000000, 0x0000000800000000)
  region size 4096K, 27 young (110592K), 1 survivors (4096K)
}
Event: 1.669 {heap After GC invocations=12 (full 1):
 garbage-first heap   total reserved 4718592K, committed 184320K, used 12585K [0x00000006e0000000, 0x0000000800000000)
  region size 4096K, 1 young (4096K), 1 survivors (4096K)
}
Event: 2.007 {heap Before GC invocations=12 (full 1):
 garbage-first heap   total reserved 4718592K, committed 184320K, used 28969K [0x00000006e0000000, 0x0000000800000000)
  region size 4096K, 6 young (24576K), 1 survivors (4096K)
}
Event: 2.017 {heap After GC invocations=13 (full 2):
 garbage-first heap   total reserved 4718592K, committed 81920K, used 10078K [0x00000006e0000000, 0x0000000800000000)
  region size 4096K, 0 young (0K), 0 survivors (0K)
}

